<?xml version="1.0" encoding="UTF-8"?>
<!-- Generated by org.testng.reporters.JUnitXMLReporter -->
<testsuite ignored="0" hostname="DESKTOP-V6F1B6R" failures="0" tests="6" name="TestNgAutomationByPradeep" time="0.185" errors="0" timestamp="2022-08-03T14:37:57 IST">
  <testcase classname="BasicTestNg.GroupTesting" name="method4" time="0.001"/>
  <testcase classname="BasicTestNg.GroupTesting" name="method6" time="0.002"/>
  <testcase classname="BasicTestNg.GroupTesting" name="method3" time="0.0"/>
  <testcase classname="BasicTestNg.GroupTesting" name="method5" time="0.0"/>
  <testcase classname="BasicTestNg.GroupTesting" name="method2" time="0.001"/>
  <testcase classname="BasicTestNg.GroupTesting" name="method1" time="0.026"/>
</testsuite> <!-- TestNgAutomationByPradeep -->
